2025-07-07 05:11:41 [[32minfo[39m]: [32mتم الاتصال بقاعدة بيانات MySQL بنجاح![39m
2025-07-07 05:11:41 [[32minfo[39m]: [32m🚀 [Vendor] Service running on port 5005 in development mode[39m
2025-07-07 05:32:15 [[32minfo[39m]: [32mتم الاتصال بقاعدة بيانات MySQL بنجاح![39m
2025-07-07 05:32:15 [[32minfo[39m]: [32m🚀 [Vendor] Service running on port 5005 in development mode[39m
2025-07-07 06:26:09 [[32minfo[39m]: [32mتم الاتصال بقاعدة بيانات MySQL بنجاح![39m
2025-07-07 06:26:09 [[32minfo[39m]: [32m🚀 [Vendor] Service running on port 5005 in development mode[39m
2025-07-07 06:27:38 [[32minfo[39m]: [32mتم الاتصال بقاعدة بيانات MySQL بنجاح![39m
2025-07-07 06:27:38 [[32minfo[39m]: [32m🚀 [Vendor] Service running on port 5005 in development mode[39m
2025-07-07 07:36:52 [[32minfo[39m]: [32mتم الاتصال بقاعدة بيانات MySQL بنجاح![39m
2025-07-07 07:36:52 [[32minfo[39m]: [32m🚀 [Vendor] Service running on port 5005 in development mode[39m
2025-07-07 07:43:55 [[32minfo[39m]: [32mتم الاتصال بقاعدة بيانات MySQL بنجاح![39m
2025-07-07 07:43:55 [[32minfo[39m]: [32m🚀 [Vendor] Service running on port 5005 in development mode[39m
2025-07-07 09:04:42 [[32minfo[39m]: [32mتم الاتصال بقاعدة بيانات MySQL بنجاح![39m
2025-07-07 09:04:42 [[32minfo[39m]: [32m🚀 [Vendor] Service running on port 5005 in development mode[39m
2025-07-07 09:12:53 [[32minfo[39m]: [32mReceived vendor creation request with data:[39m
2025-07-07 09:12:53 [[32minfo[39m]: [32mExtracted vendor data:[39m
2025-07-07 09:12:53 [[31merror[39m]: [31mError creating vendor: (intermediate value) is not iterable[39m
2025-07-07 09:13:26 [[32minfo[39m]: [32mتم الاتصال بقاعدة بيانات MySQL بنجاح![39m
2025-07-07 09:13:26 [[32minfo[39m]: [32m🚀 [Vendor] Service running on port 5005 in development mode[39m
2025-07-07 09:16:28 [[32minfo[39m]: [32mReceived vendor creation request with data:[39m
2025-07-07 09:16:28 [[32minfo[39m]: [32mExtracted vendor data:[39m
2025-07-07 09:16:28 [[31merror[39m]: [31mError creating vendor: (intermediate value) is not iterable[39m
2025-07-08 05:11:38 [[32minfo[39m]: [32mتم الاتصال بقاعدة بيانات MySQL بنجاح![39m
2025-07-08 05:11:38 [[32minfo[39m]: [32m🚀 [Vendor] Service running on port 5005 in development mode[39m
2025-07-08 08:03:37 [[32minfo[39m]: [32mتم الاتصال بقاعدة بيانات MySQL بنجاح![39m
2025-07-08 08:03:38 [[32minfo[39m]: [32m🚀 [Vendor] Service running on port 5005 in development mode[39m
2025-07-08 08:08:12 [[32minfo[39m]: [32mReceived vendor creation request with data:[39m
2025-07-08 08:08:12 [[32minfo[39m]: [32mExtracted vendor data:[39m
2025-07-08 08:08:12 [[31merror[39m]: [31mError creating vendor: (intermediate value) is not iterable[39m
2025-07-08 08:18:08 [[32minfo[39m]: [32mتم الاتصال بقاعدة بيانات MySQL بنجاح![39m
2025-07-08 08:18:08 [[32minfo[39m]: [32m🚀 [Vendor] Service running on port 5005 in development mode[39m
2025-07-08 08:24:37 [[32minfo[39m]: [32mReceived vendor creation request with data:[39m
2025-07-08 08:24:37 [[32minfo[39m]: [32mExtracted vendor data:[39m
2025-07-08 08:24:37 [[31merror[39m]: [31mError creating vendor: (intermediate value) is not iterable[39m
2025-07-08 08:35:09 [[32minfo[39m]: [32mتم الاتصال بقاعدة بيانات MySQL بنجاح![39m
2025-07-08 08:35:09 [[32minfo[39m]: [32m🚀 [Vendor] Service running on port 5005 in development mode[39m
2025-07-08 08:36:16 [[32minfo[39m]: [32mReceived vendor creation request with data:[39m
2025-07-08 08:36:16 [[32minfo[39m]: [32mRequest headers:[39m
2025-07-08 08:36:16 [[32minfo[39m]: [32mExtracted vendor data:[39m
2025-07-08 08:36:16 [[31merror[39m]: [31mError creating vendor: (intermediate value) is not iterable[39m
2025-07-08 08:51:30 [[32minfo[39m]: [32mتم الاتصال بقاعدة بيانات MySQL بنجاح![39m
2025-07-08 08:51:30 [[32minfo[39m]: [32m🚀 [Vendor] Service running on port 5005 in development mode[39m
2025-07-08 08:52:23 [[32minfo[39m]: [32mتم الاتصال بقاعدة بيانات MySQL بنجاح![39m
2025-07-08 08:52:23 [[32minfo[39m]: [32m🚀 [Vendor] Service running on port 5005 in development mode[39m
2025-07-08 08:53:17 [[32minfo[39m]: [32mReceived vendor creation request with data:[39m
2025-07-08 08:53:17 [[32minfo[39m]: [32mRequest headers:[39m
2025-07-08 08:53:17 [[32minfo[39m]: [32mExtracted vendor data:[39m
2025-07-08 08:53:17 [[31merror[39m]: [31mError creating vendor: (intermediate value) is not iterable[39m
2025-07-08 08:55:24 [[32minfo[39m]: [32mتم الاتصال بقاعدة بيانات MySQL بنجاح![39m
2025-07-08 08:55:24 [[32minfo[39m]: [32m🚀 [Vendor] Service running on port 5005 in development mode[39m
2025-07-08 08:56:30 [[32minfo[39m]: [32mReceived vendor creation request with data:[39m
2025-07-08 08:56:30 [[32minfo[39m]: [32mRequest headers:[39m
2025-07-08 08:56:30 [[32minfo[39m]: [32mExtracted vendor data:[39m
2025-07-08 08:56:30 [[31merror[39m]: [31mError creating vendor: (intermediate value) is not iterable[39m
2025-07-08 09:00:07 [[32minfo[39m]: [32mتم الاتصال بقاعدة بيانات MySQL بنجاح![39m
2025-07-08 09:00:07 [[32minfo[39m]: [32m🚀 [Vendor] Service running on port 5005 in development mode[39m
2025-07-08 09:00:35 [[32minfo[39m]: [32mتم الاتصال بقاعدة بيانات MySQL بنجاح![39m
2025-07-08 09:00:35 [[32minfo[39m]: [32m🚀 [Vendor] Service running on port 5005 in development mode[39m
2025-07-08 09:01:44 [[32minfo[39m]: [32mReceived vendor creation request with data:[39m
2025-07-08 09:01:44 [[32minfo[39m]: [32mRequest headers:[39m
2025-07-08 09:01:44 [[32minfo[39m]: [32mExtracted vendor data:[39m
2025-07-08 09:01:44 [[31merror[39m]: [31mError creating vendor: (intermediate value) is not iterable[39m
2025-07-08 09:03:15 [[32minfo[39m]: [32mتم الاتصال بقاعدة بيانات MySQL بنجاح![39m
2025-07-08 09:03:15 [[32minfo[39m]: [32m🚀 [Vendor] Service running on port 5005 in development mode[39m
2025-07-08 09:15:22 [[32minfo[39m]: [32mتم الاتصال بقاعدة بيانات MySQL بنجاح![39m
2025-07-08 09:15:22 [[32minfo[39m]: [32m🚀 [Vendor] Service running on port 5005 in development mode[39m
2025-07-08 09:16:31 [[32minfo[39m]: [32mReceived vendor creation request with data:[39m
2025-07-08 09:16:31 [[32minfo[39m]: [32mRequest headers:[39m
2025-07-08 09:16:31 [[32minfo[39m]: [32mExtracted vendor data:[39m
2025-07-08 09:16:31 [[31merror[39m]: [31mError creating vendor: (intermediate value) is not iterable[39m
2025-07-08 09:18:29 [[32minfo[39m]: [32mتم الاتصال بقاعدة بيانات MySQL بنجاح![39m
2025-07-08 09:18:29 [[32minfo[39m]: [32m🚀 [Vendor] Service running on port 5005 in development mode[39m
2025-07-08 09:19:26 [[32minfo[39m]: [32mتم الاتصال بقاعدة بيانات MySQL بنجاح![39m
2025-07-08 09:19:26 [[32minfo[39m]: [32m🚀 [Vendor] Service running on port 5005 in development mode[39m
2025-07-08 09:27:42 [[32minfo[39m]: [32mتم الاتصال بقاعدة بيانات MySQL بنجاح![39m
2025-07-08 09:27:42 [[32minfo[39m]: [32m🚀 [Vendor] Service running on port 5005 in development mode[39m
2025-07-08 09:38:48 [[32minfo[39m]: [32mتم الاتصال بقاعدة بيانات MySQL بنجاح![39m
2025-07-08 09:38:48 [[32minfo[39m]: [32m🚀 [Vendor] Service running on port 5005 in development mode[39m
2025-07-08 09:43:01 [[32minfo[39m]: [32mReceived vendor creation request with data:[39m
2025-07-08 09:43:01 [[32minfo[39m]: [32mRequest headers:[39m
2025-07-08 09:43:01 [[32minfo[39m]: [32mExtracted vendor data:[39m
2025-07-08 09:43:01 [[31merror[39m]: [31mError creating vendor: (intermediate value) is not iterable[39m
2025-07-08 09:53:28 [[32minfo[39m]: [32mتم الاتصال بقاعدة بيانات MySQL بنجاح![39m
2025-07-08 09:53:28 [[32minfo[39m]: [32m🚀 [Vendor] Service running on port 5005 in development mode[39m
2025-07-08 09:57:18 [[32minfo[39m]: [32mReceived vendor creation request with data:[39m
2025-07-08 09:57:18 [[32minfo[39m]: [32mRequest headers:[39m
2025-07-08 09:57:18 [[32minfo[39m]: [32mExtracted vendor data:[39m
2025-07-08 09:57:18 [[31merror[39m]: [31mError creating vendor: (intermediate value) is not iterable[39m
2025-07-08 10:06:17 [[32minfo[39m]: [32mتم الاتصال بقاعدة بيانات MySQL بنجاح![39m
2025-07-08 10:06:17 [[32minfo[39m]: [32m🚀 [Vendor] Service running on port 5005 in development mode[39m
2025-07-09 03:19:47 [[32minfo[39m]: [32mتم الاتصال بقاعدة بيانات MySQL بنجاح![39m
2025-07-09 03:19:47 [[32minfo[39m]: [32m🚀 [Vendor] Service running on port 5005 in development mode[39m
2025-07-09 04:28:12 [[32minfo[39m]: [32mتم الاتصال بقاعدة بيانات MySQL بنجاح![39m
2025-07-09 04:28:12 [[32minfo[39m]: [32m🚀 [Vendor] Service running on port 5005 in development mode[39m
2025-07-09 04:54:07 [[32minfo[39m]: [32mتم الاتصال بقاعدة بيانات MySQL بنجاح![39m
2025-07-09 04:54:07 [[32minfo[39m]: [32m🚀 [Vendor] Service running on port 5005 in development mode[39m
2025-07-09 05:02:28 [[32minfo[39m]: [32mReceived vendor creation request with data:[39m
2025-07-09 05:02:28 [[32minfo[39m]: [32mRequest headers:[39m
2025-07-09 05:02:28 [[32minfo[39m]: [32mExtracted vendor data:[39m
2025-07-09 05:02:28 [[31merror[39m]: [31mError creating vendor: (intermediate value) is not iterable[39m
2025-07-09 05:14:45 [[32minfo[39m]: [32mتم الاتصال بقاعدة بيانات MySQL بنجاح![39m
2025-07-09 05:14:45 [[32minfo[39m]: [32m🚀 [Vendor] Service running on port 5005 in development mode[39m
2025-07-09 05:26:43 [[32minfo[39m]: [32mتم الاتصال بقاعدة بيانات MySQL بنجاح![39m
2025-07-09 05:26:43 [[32minfo[39m]: [32m🚀 [Vendor] Service running on port 5005 in development mode[39m
2025-07-09 05:28:26 [[31merror[39m]: [31mError fetching vendors: (intermediate value) is not iterable[39m
2025-07-09 05:29:24 [[31merror[39m]: [31mError fetching vendor by email: (intermediate value) is not iterable[39m
2025-07-09 05:29:24 [[32minfo[39m]: [32mReceived vendor creation request with data:[39m
2025-07-09 05:29:24 [[32minfo[39m]: [32mRequest headers:[39m
2025-07-09 05:29:24 [[32minfo[39m]: [32mExtracted vendor data:[39m
2025-07-09 05:29:24 [[31merror[39m]: [31mError creating vendor: (intermediate value) is not iterable[39m
2025-07-09 05:35:04 [[32minfo[39m]: [32mتم الاتصال بقاعدة بيانات MySQL بنجاح![39m
2025-07-09 05:35:04 [[32minfo[39m]: [32m🚀 [Vendor] Service running on port 5005 in development mode[39m
2025-07-09 05:35:41 [[31merror[39m]: [31mError fetching vendor by email: (intermediate value) is not iterable[39m
2025-07-09 05:35:41 [[32minfo[39m]: [32mReceived vendor creation request with data:[39m
2025-07-09 05:35:41 [[32minfo[39m]: [32mRequest headers:[39m
2025-07-09 05:35:41 [[32minfo[39m]: [32mExtracted vendor data:[39m
2025-07-09 05:35:41 [[31merror[39m]: [31mError creating vendor: (intermediate value) is not iterable[39m
2025-07-09 05:37:15 [[32minfo[39m]: [32mتم الاتصال بقاعدة بيانات MySQL بنجاح![39m
2025-07-09 05:37:15 [[32minfo[39m]: [32m🚀 [Vendor] Service running on port 5005 in development mode[39m
2025-07-09 05:37:46 [[31merror[39m]: [31mError fetching vendor by email: (intermediate value) is not iterable[39m
2025-07-09 05:37:46 [[32minfo[39m]: [32mReceived vendor creation request with data:[39m
2025-07-09 05:37:46 [[32minfo[39m]: [32mRequest headers:[39m
2025-07-09 05:37:46 [[32minfo[39m]: [32mExtracted vendor data:[39m
2025-07-09 05:37:46 [[31merror[39m]: [31mError creating vendor: (intermediate value) is not iterable[39m
2025-07-09 05:58:38 [[32minfo[39m]: [32mتم الاتصال بقاعدة بيانات MySQL بنجاح![39m
2025-07-09 05:58:38 [[32minfo[39m]: [32m🚀 [Vendor] Service running on port 5005 in development mode[39m
2025-07-09 05:59:50 [[31merror[39m]: [31mError fetching vendor by email: (intermediate value) is not iterable[39m
2025-07-09 05:59:50 [[32minfo[39m]: [32mReceived vendor creation request with data:[39m
2025-07-09 05:59:50 [[32minfo[39m]: [32mRequest headers:[39m
2025-07-09 05:59:50 [[32minfo[39m]: [32mExtracted vendor data:[39m
2025-07-09 05:59:50 [[31merror[39m]: [31mError creating vendor: (intermediate value) is not iterable[39m
2025-07-09 06:21:07 [[32minfo[39m]: [32mتم الاتصال بقاعدة بيانات MySQL بنجاح![39m
2025-07-09 06:21:07 [[32minfo[39m]: [32m🚀 [Vendor] Service running on port 5005 in development mode[39m
2025-07-09 06:21:28 [[31merror[39m]: [31mError fetching vendor by email: (intermediate value) is not iterable[39m
2025-07-09 06:21:28 [[32minfo[39m]: [32mReceived vendor creation request with data:[39m
2025-07-09 06:21:28 [[32minfo[39m]: [32mRequest headers:[39m
2025-07-09 06:21:28 [[32minfo[39m]: [32mExtracted vendor data:[39m
2025-07-09 06:21:28 [[31merror[39m]: [31mError creating vendor: (intermediate value) is not iterable[39m
2025-07-09 06:24:05 [[32minfo[39m]: [32mتم الاتصال بقاعدة بيانات MySQL بنجاح![39m
2025-07-09 06:24:05 [[32minfo[39m]: [32m🚀 [Vendor] Service running on port 5005 in development mode[39m
2025-07-09 06:24:58 [[31merror[39m]: [31mError fetching vendor by email: (intermediate value) is not iterable[39m
2025-07-09 06:24:58 [[32minfo[39m]: [32mReceived vendor creation request with data:[39m
2025-07-09 06:24:58 [[32minfo[39m]: [32mRequest headers:[39m
2025-07-09 06:24:58 [[32minfo[39m]: [32mExtracted vendor data:[39m
2025-07-09 06:24:58 [[31merror[39m]: [31mError creating vendor: (intermediate value) is not iterable[39m
2025-07-09 06:31:30 [[32minfo[39m]: [32mتم الاتصال بقاعدة بيانات MySQL بنجاح![39m
2025-07-09 06:31:30 [[32minfo[39m]: [32m🚀 [Vendor] Service running on port 5005 in development mode[39m
2025-07-09 06:40:19 [[32minfo[39m]: [32mتم الاتصال بقاعدة بيانات MySQL بنجاح![39m
2025-07-09 06:40:19 [[32minfo[39m]: [32m🚀 [Vendor] Service running on port 5005 in development mode[39m
2025-07-09 06:48:18 [[32minfo[39m]: [32mتم الاتصال بقاعدة بيانات MySQL بنجاح![39m
2025-07-09 06:48:18 [[32minfo[39m]: [32m🚀 [Vendor] Service running on port 5005 in development mode[39m
2025-07-09 06:49:24 [[32minfo[39m]: [32mتم الاتصال بقاعدة بيانات MySQL بنجاح![39m
2025-07-09 06:49:24 [[32minfo[39m]: [32m🚀 [Vendor] Service running on port 5005 in development mode[39m
2025-07-09 07:24:30 [[32minfo[39m]: [32mتم الاتصال بقاعدة بيانات MySQL بنجاح![39m
2025-07-09 07:24:30 [[32minfo[39m]: [32m🚀 [Vendor] Service running on port 5005 in development mode[39m
2025-07-09 07:32:23 [[32minfo[39m]: [32mتم الاتصال بقاعدة بيانات MySQL بنجاح![39m
2025-07-09 07:32:23 [[32minfo[39m]: [32m🚀 [Vendor] Service running on port 5005 in development mode[39m
2025-07-09 07:35:46 [[31merror[39m]: [31mError fetching vendors: (intermediate value) is not iterable[39m
2025-07-09 07:41:01 [[31merror[39m]: [31mError fetching vendors: (intermediate value) is not iterable[39m
2025-07-09 07:41:17 [[31merror[39m]: [31mError fetching vendors: (intermediate value) is not iterable[39m
2025-07-09 07:42:14 [[31merror[39m]: [31mError fetching vendors: (intermediate value) is not iterable[39m
2025-07-09 07:43:59 [[31merror[39m]: [31mError fetching vendors: (intermediate value) is not iterable[39m
2025-07-09 07:44:09 [[31merror[39m]: [31mError fetching vendors: (intermediate value) is not iterable[39m
2025-07-09 07:46:36 [[31merror[39m]: [31mError fetching vendors: (intermediate value) is not iterable[39m
2025-07-09 07:47:31 [[31merror[39m]: [31mError fetching vendors: (intermediate value) is not iterable[39m
